<?xml version="1.0" encoding="UTF-8"?>
<!-- Generated by org.testng.reporters.JUnitXMLReporter -->
<testsuite hostname="DESKTOP-F13OLA2" ignored="0" name="Create VendorExp" tests="1" failures="1" timestamp="2020-09-23T17:36:21 IST" time="155.775" errors="0">
  <testcase name="createVendorExperience" time="155.398" classname="DentalLOCTestCases.CreateVendorExperience">
    <failure type="java.io.IOException" message="Cannot run program &amp;quot;C:\Users\Mayank\Desktop\FileUpload.exe&amp;quot;: CreateProcess error=2, The system cannot find the file specified">
      <![CDATA[java.io.IOException: Cannot run program "C:\Users\Mayank\Desktop\FileUpload.exe": CreateProcess error=2, The system cannot find the file specified
at java.lang.ProcessBuilder.start(ProcessBuilder.java:1048)
at java.lang.Runtime.exec(Runtime.java:620)
at java.lang.Runtime.exec(Runtime.java:450)
at java.lang.Runtime.exec(Runtime.java:347)
at DentalLOCTestCases.CreateVendorExperience.createVendorExperience(CreateVendorExperience.java:158)
at java.util.ArrayList.forEach(ArrayList.java:1257)
Caused by: java.io.IOException: CreateProcess error=2, The system cannot find the file specified
at java.lang.ProcessImpl.create(Native Method)
at java.lang.ProcessImpl.<init>(ProcessImpl.java:386)
at java.lang.ProcessImpl.start(ProcessImpl.java:137)
at java.lang.ProcessBuilder.start(ProcessBuilder.java:1029)
... 32 more
... Removed 27 stack frames]]>
    </failure>
  </testcase> <!-- createVendorExperience -->
</testsuite> <!-- Create VendorExp -->
