<?xml version="1.0" encoding="UTF-8"?>
<!-- Generated by org.testng.reporters.JUnitXMLReporter -->
<testsuite hostname="DESKTOP-JO95MPE" ignored="0" name="Create RFP Test" tests="2" failures="0" timestamp="2020-10-04T22:31:28 IST" time="0.054" errors="0">
  <testcase name="createRFP" time="0.0" classname="DentalLOCTestCases.RFPtoPreaentationCreation.CreateRFP">
    <skipped/>
  </testcase> <!-- createRFP -->
  <testcase name="createRFP" time="0.0" classname="DentalLOCTestCases.RFPtoPreaentationCreation.CreateRFP">
    <skipped/>
  </testcase> <!-- createRFP -->
</testsuite> <!-- Create RFP Test -->
