<?xml version="1.0" encoding="UTF-8"?>
<!-- Generated by org.testng.reporters.JUnitXMLReporter -->
<testsuite hostname="DESKTOP-F13OLA2" ignored="0" name="Create Incumbent Vendor Disruption Rep" tests="1" failures="1" timestamp="2020-09-23T17:38:36 IST" time="134.879" errors="0">
  <testcase name="createIncumbentVendorDisruption" time="134.522" classname="DentalLOCTestCases.CreateIncumbentVendorDisruptionReport">
    <failure type="java.io.IOException" message="Cannot run program &amp;quot;C:\Users\Mayank\Desktop\FileUpload.exe&amp;quot;: CreateProcess error=2, The system cannot find the file specified">
      <![CDATA[java.io.IOException: Cannot run program "C:\Users\Mayank\Desktop\FileUpload.exe": CreateProcess error=2, The system cannot find the file specified
at java.lang.ProcessBuilder.start(ProcessBuilder.java:1048)
at java.lang.Runtime.exec(Runtime.java:620)
at java.lang.Runtime.exec(Runtime.java:450)
at java.lang.Runtime.exec(Runtime.java:347)
at DentalLOCTestCases.CreateIncumbentVendorDisruptionReport.createIncumbentVendorDisruption(CreateIncumbentVendorDisruptionReport.java:143)
at java.util.ArrayList.forEach(ArrayList.java:1257)
Caused by: java.io.IOException: CreateProcess error=2, The system cannot find the file specified
at java.lang.ProcessImpl.create(Native Method)
at java.lang.ProcessImpl.<init>(ProcessImpl.java:386)
at java.lang.ProcessImpl.start(ProcessImpl.java:137)
at java.lang.ProcessBuilder.start(ProcessBuilder.java:1029)
... 32 more
... Removed 27 stack frames]]>
    </failure>
  </testcase> <!-- createIncumbentVendorDisruption -->
</testsuite> <!-- Create Incumbent Vendor Disruption Rep -->
