<?xml version="1.0" encoding="UTF-8"?>
<!-- Generated by org.testng.reporters.JUnitXMLReporter -->
<testsuite hostname="DESKTOP-JO95MPE" ignored="0" name="Rfp Data Request" tests="2" failures="0" timestamp="2020-10-04T22:31:28 IST" time="0.013" errors="0">
  <testcase name="rfpDataRequestConfirmation" time="0.0" classname="DentalLOCTestCases.RFPtoPreaentationCreation.RfpDataRequestConfirmation">
    <skipped/>
  </testcase> <!-- rfpDataRequestConfirmation -->
  <testcase name="rfpDataRequestConfirmation" time="0.0" classname="DentalLOCTestCases.RFPtoPreaentationCreation.RfpDataRequestConfirmation">
    <skipped/>
  </testcase> <!-- rfpDataRequestConfirmation -->
</testsuite> <!-- Rfp Data Request -->
