<?xml version="1.0" encoding="UTF-8"?>
<testsuite name="Create RFP Test"
           tests="2"
           failures="0"
           errors="0"
           skipped="2"
           time="0.000">
  <properties />
  
            <testcase name="createRFP" time="0.0" classname="DentalLOCTestCases.RFPtoPreaentationCreation.CreateRFP">
          <skipped />
    </testcase>
            <testcase name="createRFP" time="0.0" classname="DentalLOCTestCases.RFPtoPreaentationCreation.CreateRFP">
          <skipped />
    </testcase>
  
  
</testsuite>
